0.png
1.png
10.png
11.png
12.png
13.png
14.png
15.png
16.png
17.png
18.png
2.png
3.png
4.png
5.png
6.png
7.png
8.png
9.png
BoarderBL.png
BoarderBLR.png
BoarderBR.png
BoarderLR.png
BoarderTB.png
BoarderTL.png
BoarderTR.png
BoarderTRL.png
Cell.png
CellA.png
CellB.png
CellRevealed.png
CellRevealedA.png
CellRevealedB.png
CellWrong.png
Clock0.png
Clock1.png
Clock2.png
Clock3.png
Clock4.png
Clock5.png
Clock6.png
Clock7.png
Clock8.png
Clock9.png
ClockM.png
ClockNot.png
Face1.png
Face2.png
Face3.png
Face4.png
FaceClicked.png
FaceUnclicked.png
Flag.png
Mine.png
MineCorrect.png
MineRevealed.png
PortalA.png
PortalB.png
Question.png
Slide1.png
Slide2.png
Slide3.png
Slide4.png
Slide5.png
Slide6.png
Slide7.png